# JRE version: Java(TM) SE Runtime Environment (8.0_73-b02) (build 1.8.0_73-b02)
# Java VM: Java HotSpot(TM) 64-Bit Server VM (25.73-b02 mixed mode windows-amd64 compressed oops)
Heap:
 PSYoungGen      total 20992K, used 15127K [0x00000000eb500000, 0x00000000ee000000, 0x0000000100000000)
  eden space 15360K, 98% used [0x00000000eb500000,0x00000000ec3c5c00,0x00000000ec400000)
  from space 5632K, 0% used [0x00000000eca00000,0x00000000eca00000,0x00000000ecf80000)
  to   space 6144K, 0% used [0x00000000ec400000,0x00000000ec400000,0x00000000eca00000)
 ParOldGen       total 24576K, used 4370K [0x00000000c1e00000, 0x00000000c3600000, 0x00000000eb500000)
  object space 24576K, 17% used [0x00000000c1e00000,0x00000000c2244948,0x00000000c3600000)
 Metaspace       used 22112K, capacity 22676K, committed 22784K, reserved 1069056K
  class space    used 2903K, capacity 3054K, committed 3072K, reserved 1048576K
GC Heap History (10 events):
Event: 30.065 GC heap before
{Heap before GC invocations=5 (full 0):
 PSYoungGen      total 18944K, used 18912K [0x00000000eb500000, 0x00000000eca00000, 0x0000000100000000)
  eden space 16384K, 100% used [0x00000000eb500000,0x00000000ec500000,0x00000000ec500000)
  from space 2560K, 98% used [0x00000000ec780000,0x00000000ec9f8020,0x00000000eca00000)
  to   space 2560K, 0% used [0x00000000ec500000,0x00000000ec500000,0x00000000ec780000)
 ParOldGen       total 44032K, used 4368K [0x00000000c1e00000, 0x00000000c4900000, 0x00000000eb500000)
  object space 44032K, 9% used [0x00000000c1e00000,0x00000000c2244010,0x00000000c4900000)
 Metaspace       used 15482K, capacity 16002K, committed 16128K, reserved 1062912K
  class space    used 2060K, capacity 2203K, committed 2304K, reserved 1048576K
Event: 30.072 GC heap after
Heap after GC invocations=5 (full 0):
 PSYoungGen      total 18944K, used 2544K [0x00000000eb500000, 0x00000000ecf00000, 0x0000000100000000)
  eden space 16384K, 0% used [0x00000000eb500000,0x00000000eb500000,0x00000000ec500000)
  from space 2560K, 99% used [0x00000000ec500000,0x00000000ec77c010,0x00000000ec780000)
  to   space 5120K, 0% used [0x00000000eca00000,0x00000000eca00000,0x00000000ecf00000)
 ParOldGen       total 44032K, used 6222K [0x00000000c1e00000, 0x00000000c4900000, 0x00000000eb500000)
  object space 44032K, 14% used [0x00000000c1e00000,0x00000000c2413958,0x00000000c4900000)
 Metaspace       used 15482K, capacity 16002K, committed 16128K, reserved 1062912K
  class space    used 2060K, capacity 2203K, committed 2304K, reserved 1048576K
}
Event: 34.179 GC heap before
{Heap before GC invocations=6 (full 0):
 PSYoungGen      total 18944K, used 18928K [0x00000000eb500000, 0x00000000ecf00000, 0x0000000100000000)
  eden space 16384K, 100% used [0x00000000eb500000,0x00000000ec500000,0x00000000ec500000)
  from space 2560K, 99% used [0x00000000ec500000,0x00000000ec77c010,0x00000000ec780000)
  to   space 5120K, 0% used [0x00000000eca00000,0x00000000eca00000,0x00000000ecf00000)
 ParOldGen       total 44032K, used 6222K [0x00000000c1e00000, 0x00000000c4900000, 0x00000000eb500000)
  object space 44032K, 14% used [0x00000000c1e00000,0x00000000c2413958,0x00000000c4900000)
 Metaspace       used 17851K, capacity 18370K, committed 18688K, reserved 1064960K
  class space    used 2336K, capacity 2457K, committed 2560K, reserved 1048576K
Event: 34.187 GC heap after
Heap after GC invocations=6 (full 0):
 PSYoungGen      total 20992K, used 4985K [0x00000000eb500000, 0x00000000ed000000, 0x0000000100000000)
  eden space 15872K, 0% used [0x00000000eb500000,0x00000000eb500000,0x00000000ec480000)
  from space 5120K, 97% used [0x00000000eca00000,0x00000000ecede718,0x00000000ecf00000)
  to   space 5632K, 0% used [0x00000000ec480000,0x00000000ec480000,0x00000000eca00000)
 ParOldGen       total 44032K, used 6230K [0x00000000c1e00000, 0x00000000c4900000, 0x00000000eb500000)
  object space 44032K, 14% used [0x00000000c1e00000,0x00000000c2415958,0x00000000c4900000)
 Metaspace       used 17851K, capacity 18370K, committed 18688K, reserved 1064960K
  class space    used 2336K, capacity 2457K, committed 2560K, reserved 1048576K
}
Event: 36.129 GC heap before
{Heap before GC invocations=7 (full 0):
 PSYoungGen      total 20992K, used 20857K [0x00000000eb500000, 0x00000000ed000000, 0x0000000100000000)
  eden space 15872K, 100% used [0x00000000eb500000,0x00000000ec480000,0x00000000ec480000)
  from space 5120K, 97% used [0x00000000eca00000,0x00000000ecede718,0x00000000ecf00000)
  to   space 5632K, 0% used [0x00000000ec480000,0x00000000ec480000,0x00000000eca00000)
 ParOldGen       total 44032K, used 6230K [0x00000000c1e00000, 0x00000000c4900000, 0x00000000eb500000)
  object space 44032K, 14% used [0x00000000c1e00000,0x00000000c2415958,0x00000000c4900000)
 Metaspace       used 20415K, capacity 20944K, committed 21296K, reserved 1067008K
  class space    used 2676K, capacity 2820K, committed 2944K, reserved 1048576K
Event: 36.146 GC heap after
Heap after GC invocations=7 (full 0):
 PSYoungGen      total 21504K, used 4598K [0x00000000eb500000, 0x00000000ecf80000, 0x0000000100000000)
  eden space 15872K, 0% used [0x00000000eb500000,0x00000000eb500000,0x00000000ec480000)
  from space 5632K, 81% used [0x00000000ec480000,0x00000000ec8fd928,0x00000000eca00000)
  to   space 5632K, 0% used [0x00000000eca00000,0x00000000eca00000,0x00000000ecf80000)
 ParOldGen       total 44032K, used 7504K [0x00000000c1e00000, 0x00000000c4900000, 0x00000000eb500000)
  object space 44032K, 17% used [0x00000000c1e00000,0x00000000c2554070,0x00000000c4900000)
 Metaspace       used 20415K, capacity 20944K, committed 21296K, reserved 1067008K
  class space    used 2676K, capacity 2820K, committed 2944K, reserved 1048576K
}
Event: 36.197 GC heap before
{Heap before GC invocations=8 (full 0):
 PSYoungGen      total 21504K, used 6039K [0x00000000eb500000, 0x00000000ecf80000, 0x0000000100000000)
  eden space 15872K, 9% used [0x00000000eb500000,0x00000000eb6685f0,0x00000000ec480000)
  from space 5632K, 81% used [0x00000000ec480000,0x00000000ec8fd928,0x00000000eca00000)
  to   space 5632K, 0% used [0x00000000eca00000,0x00000000eca00000,0x00000000ecf80000)
 ParOldGen       total 44032K, used 7504K [0x00000000c1e00000, 0x00000000c4900000, 0x00000000eb500000)
  object space 44032K, 17% used [0x00000000c1e00000,0x00000000c2554070,0x00000000c4900000)
 Metaspace       used 20598K, capacity 21112K, committed 21296K, reserved 1067008K
  class space    used 2709K, capacity 2856K, committed 2944K, reserved 1048576K
Event: 36.205 GC heap after
Heap after GC invocations=8 (full 0):
 PSYoungGen      total 20992K, used 1376K [0x00000000eb500000, 0x00000000ee000000, 0x0000000100000000)
  eden space 15360K, 0% used [0x00000000eb500000,0x00000000eb500000,0x00000000ec400000)
  from space 5632K, 24% used [0x00000000eca00000,0x00000000ecb58000,0x00000000ecf80000)
  to   space 6144K, 0% used [0x00000000ec400000,0x00000000ec400000,0x00000000eca00000)
 ParOldGen       total 44032K, used 8213K [0x00000000c1e00000, 0x00000000c4900000, 0x00000000eb500000)
  object space 44032K, 18% used [0x00000000c1e00000,0x00000000c26055b0,0x00000000c4900000)
 Metaspace       used 20598K, capacity 21112K, committed 21296K, reserved 1067008K
  class space    used 2709K, capacity 2856K, committed 2944K, reserved 1048576K
}
Event: 36.205 GC heap before
{Heap before GC invocations=9 (full 1):
 PSYoungGen      total 20992K, used 1376K [0x00000000eb500000, 0x00000000ee000000, 0x0000000100000000)
  eden space 15360K, 0% used [0x00000000eb500000,0x00000000eb500000,0x00000000ec400000)
  from space 5632K, 24% used [0x00000000eca00000,0x00000000ecb58000,0x00000000ecf80000)
  to   space 6144K, 0% used [0x00000000ec400000,0x00000000ec400000,0x00000000eca00000)
 ParOldGen       total 44032K, used 8213K [0x00000000c1e00000, 0x00000000c4900000, 0x00000000eb500000)
  object space 44032K, 18% used [0x00000000c1e00000,0x00000000c26055b0,0x00000000c4900000)
 Metaspace       used 20598K, capacity 21112K, committed 21296K, reserved 1067008K
  class space    used 2709K, capacity 2856K, committed 2944K, reserved 1048576K
Event: 36.261 GC heap after
Heap after GC invocations=9 (full 1):
 PSYoungGen      total 20992K, used 0K [0x00000000eb500000, 0x00000000ee000000, 0x0000000100000000)
  eden space 15360K, 0% used [0x00000000eb500000,0x00000000eb500000,0x00000000ec400000)
  from space 5632K, 0% used [0x00000000eca00000,0x00000000eca00000,0x00000000ecf80000)
  to   space 6144K, 0% used [0x00000000ec400000,0x00000000ec400000,0x00000000eca00000)
 ParOldGen       total 24576K, used 4370K [0x00000000c1e00000, 0x00000000c3600000, 0x00000000eb500000)
  object space 24576K, 17% used [0x00000000c1e00000,0x00000000c2244948,0x00000000c3600000)
 Metaspace       used 20598K, capacity 21112K, committed 21296K, reserved 1067008K
  class space    used 2709K, capacity 2856K, committed 2944K, reserved 1048576K
}

